2022/09/05 11:41:06 Errors dial tcp 192.168.1.244:3306: i/o timeout pinging database
2022/09/05 11:41:12 Errors dial tcp 192.168.1.244:3306: i/o timeout pinging database
2022/09/05 11:41:27 Errors dial tcp 192.168.1.244:3306: i/o timeout pinging database
2022/09/05 11:41:32 Errors dial tcp 192.168.1.244:3306: i/o timeout pinging database
2022/09/05 11:41:32 Getting setting of smart self
2022/09/05 11:41:37 Errors dial tcp 192.168.1.244:3306: i/o timeout pinging database
2022/09/05 11:41:45 Errors dial tcp 192.168.1.244:3306: i/o timeout pinging database
2022/09/05 11:41:45 Getting setting of smart self
2022/09/05 11:52:15 Errors dial tcp 192.168.1.244:3306: i/o timeout pinging database
2022/09/05 11:52:21 Errors dial tcp 192.168.1.244:3306: i/o timeout pinging database
2022/09/05 11:52:36 Errors dial tcp 192.168.1.244:3306: i/o timeout pinging database
2022/09/05 11:52:41 Errors dial tcp 192.168.1.244:3306: i/o timeout pinging database
2022/09/05 11:52:41 Getting setting of smart self
2022/09/05 11:52:46 Errors dial tcp 192.168.1.244:3306: i/o timeout pinging database
2022/09/05 11:55:23 Errors dial tcp 192.168.1.244:3306: i/o timeout pinging database
2022/09/05 11:55:30 Errors dial tcp 192.168.1.244:3306: i/o timeout pinging database
2022/09/05 11:55:45 Errors dial tcp 192.168.1.244:3306: i/o timeout pinging database
2022/09/05 11:55:50 Errors dial tcp 192.168.1.244:3306: i/o timeout pinging database
2022/09/05 11:55:50 Getting setting of smart self
2022/09/05 11:55:55 Errors dial tcp 192.168.1.244:3306: i/o timeout pinging database
2022/09/05 11:56:50 Errors dial tcp 192.168.1.244:3306: i/o timeout pinging database
2022/09/05 11:57:05 Errors dial tcp 192.168.1.244:3306: i/o timeout pinging database
2022/09/05 11:57:10 Errors dial tcp 192.168.1.244:3306: i/o timeout pinging database
2022/09/05 11:57:10 Getting setting of smart self
2022/09/05 11:57:15 Errors dial tcp 192.168.1.244:3306: i/o timeout pinging database
2022/09/05 11:58:53 Errors dial tcp 192.168.1.244:3306: i/o timeout pinging database
2022/09/05 12:00:15 Errors dial tcp 192.168.1.244:3306: i/o timeout pinging database
2022/09/05 12:02:01 Errors dial tcp 192.168.1.244:3306: i/o timeout pinging database
2022/09/05 12:04:30 Verified connection from database with Ping
2022/09/05 12:04:40 Verified connection from database with Ping
2022/09/05 12:04:42 Verified connection from database with Ping
2022/09/05 12:04:52 Verified connection from database with Ping
2022/09/05 12:04:52 Verified connection from database with Ping
2022/09/05 12:04:52 Getting setting of smart self
2022/09/05 12:04:52 Verified connection from database with Ping
2022/09/05 12:04:57 Verified connection from database with Ping
2022/09/05 12:05:08 Verified connection from database with Ping
2022/09/05 12:05:08 Verified connection from database with Ping
2022/09/05 12:05:08 Getting setting of smart self
2022/09/05 12:05:08 Verified connection from database with Ping
2022/09/05 12:05:44 Verified connection from database with Ping
2022/09/05 12:05:54 Verified connection from database with Ping
2022/09/05 12:05:54 Verified connection from database with Ping
2022/09/05 12:05:54 Getting setting of smart self
2022/09/05 12:05:54 Verified connection from database with Ping
2022/09/05 12:08:20 Verified connection from database with Ping
2022/09/05 12:08:20 Getting setting of smart self
2022/09/05 12:11:56 Verified connection from database with Ping
2022/09/05 12:12:06 Verified connection from database with Ping
2022/09/05 12:12:06 Verified connection from database with Ping
2022/09/05 12:12:06 Getting setting of smart self
2022/09/05 12:12:06 Verified connection from database with Ping
2022/09/05 12:12:22 Verified connection from database with Ping
2022/09/05 12:12:32 Verified connection from database with Ping
2022/09/05 12:12:32 Verified connection from database with Ping
2022/09/05 12:12:32 Getting setting of smart self
2022/09/05 12:12:32 Verified connection from database with Ping
2022/09/05 12:12:32 Getting JAN code from list of RFID
2022/09/05 12:12:32 Getting JAN code from list of RFID
2022/09/05 12:12:32 Getting JAN code from list of RFID
2022/09/05 12:12:32 Getting JAN code from list of RFID
2022/09/05 12:12:32 Getting JAN code from list of RFID
2022/09/05 12:12:32 Getting JAN code from list of RFID
2022/09/05 12:12:32 Getting JAN code from list of RFID
2022/09/05 12:12:34 Verified connection from database with Ping
2022/09/05 12:12:34 Verified connection from database with Ping
2022/09/05 12:12:34 Verified connection from database with Ping
2022/09/05 12:12:34 Verified connection from database with Ping
2022/09/05 12:12:34 Verified connection from database with Ping
2022/09/05 12:12:34 Verified connection from database with Ping
2022/09/05 12:12:34 Verified connection from database with Ping
2022/09/05 12:12:34 Verified connection from database with Ping
2022/09/05 12:12:34 Verified connection from database with Ping
2022/09/05 12:12:34 Verified connection from database with Ping
2022/09/05 12:12:34 Verified connection from database with Ping
2022/09/05 12:12:34 Verified connection from database with Ping
2022/09/05 12:12:34 Verified connection from database with Ping
2022/09/05 12:12:34 Verified connection from database with Ping
2022/09/05 12:12:34 Verified connection from database with Ping
2022/09/05 12:12:34 Verified connection from database with Ping
2022/09/05 12:12:34 Verified connection from database with Ping
2022/09/05 12:12:34 Verified connection from database with Ping
2022/09/05 12:12:34 Verified connection from database with Ping
2022/09/05 12:12:39 Verified connection from database with Ping
2022/09/05 12:12:49 Verified connection from database with Ping
2022/09/05 12:12:49 Verified connection from database with Ping
2022/09/05 12:12:49 Getting setting of smart self
2022/09/05 12:12:49 Verified connection from database with Ping
2022/09/05 12:14:50 Verified connection from database with Ping
2022/09/05 12:15:00 Verified connection from database with Ping
2022/09/05 12:15:00 Verified connection from database with Ping
2022/09/05 12:15:00 Getting setting of smart self
2022/09/05 12:15:00 Verified connection from database with Ping
2022/09/05 12:15:55 Verified connection from database with Ping
2022/09/05 12:16:05 Verified connection from database with Ping
2022/09/05 12:16:05 Verified connection from database with Ping
2022/09/05 12:16:05 Getting setting of smart self
2022/09/05 12:16:05 Verified connection from database with Ping
2022/09/05 12:16:16 Verified connection from database with Ping
2022/09/05 12:16:26 Verified connection from database with Ping
2022/09/05 12:16:26 Verified connection from database with Ping
2022/09/05 12:16:26 Getting setting of smart self
2022/09/05 12:16:26 Verified connection from database with Ping
2022/09/05 12:16:28 Verified connection from database with Ping
2022/09/05 12:16:38 Verified connection from database with Ping
2022/09/05 12:16:38 Verified connection from database with Ping
2022/09/05 12:16:38 Getting setting of smart self
2022/09/05 12:16:38 Verified connection from database with Ping
2022/09/05 12:55:59 Verified connection from database with Ping
2022/09/05 12:56:09 Verified connection from database with Ping
2022/09/05 12:56:09 Verified connection from database with Ping
2022/09/05 12:56:09 Getting setting of smart self
2022/09/05 12:56:09 Verified connection from database with Ping
2022/09/05 12:56:09 Getting JAN code from list of RFID
2022/09/05 12:56:09 Getting JAN code from list of RFID
2022/09/05 12:56:10 Verified connection from database with Ping
2022/09/05 12:56:10 Verified connection from database with Ping
2022/09/05 12:56:10 Verified connection from database with Ping
2022/09/05 12:56:10 Verified connection from database with Ping
2022/09/05 12:56:10 Verified connection from database with Ping
2022/09/05 12:56:10 Verified connection from database with Ping
2022/09/05 12:56:10 Verified connection from database with Ping
2022/09/05 12:56:10 Verified connection from database with Ping
2022/09/05 12:56:10 Verified connection from database with Ping
2022/09/05 12:56:10 Verified connection from database with Ping
2022/09/05 12:56:10 Verified connection from database with Ping
2022/09/05 12:56:10 Verified connection from database with Ping
2022/09/05 12:56:10 Verified connection from database with Ping
2022/09/05 12:56:10 Verified connection from database with Ping
2022/09/05 12:56:10 Verified connection from database with Ping
2022/09/05 12:56:10 Verified connection from database with Ping
2022/09/05 12:56:10 Verified connection from database with Ping
2022/09/05 12:56:10 Verified connection from database with Ping
2022/09/05 12:56:10 Verified connection from database with Ping
2022/09/05 12:56:10 Verified connection from database with Ping
2022/09/05 12:56:10 Verified connection from database with Ping
2022/09/05 12:56:16 Verified connection from database with Ping
2022/09/05 12:56:16 Getting setting of smart self
2022/09/05 12:56:16 Verified connection from database with Ping
2022/09/05 12:56:16 Getting JAN code from list of RFID
2022/09/05 12:56:18 Verified connection from database with Ping
2022/09/05 12:56:18 Getting setting of smart self
2022/09/05 12:56:18 Verified connection from database with Ping
2022/09/05 12:56:18 Getting JAN code from list of RFID
2022/09/05 12:56:40 Verified connection from database with Ping
2022/09/05 12:56:50 Verified connection from database with Ping
2022/09/05 12:56:50 Verified connection from database with Ping
2022/09/05 12:56:50 Getting setting of smart self
2022/09/05 12:56:50 Verified connection from database with Ping
2022/09/05 12:56:50 Getting JAN code from list of RFID
2022/09/05 12:56:50 Getting JAN code from list of RFID
2022/09/05 12:56:50 Getting JAN code from list of RFID
2022/09/05 12:56:51 Verified connection from database with Ping
2022/09/05 12:56:51 Verified connection from database with Ping
2022/09/05 12:56:51 Verified connection from database with Ping
2022/09/05 12:56:51 Verified connection from database with Ping
2022/09/05 12:56:51 Verified connection from database with Ping
2022/09/05 12:56:51 Verified connection from database with Ping
2022/09/05 12:56:51 Verified connection from database with Ping
2022/09/05 12:56:51 Verified connection from database with Ping
2022/09/05 12:56:51 Verified connection from database with Ping
2022/09/05 12:56:51 Verified connection from database with Ping
2022/09/05 12:56:51 Verified connection from database with Ping
2022/09/05 12:56:51 Verified connection from database with Ping
2022/09/05 12:56:51 Verified connection from database with Ping
2022/09/05 12:56:51 Verified connection from database with Ping
2022/09/05 12:56:51 Verified connection from database with Ping
2022/09/05 12:56:51 Verified connection from database with Ping
2022/09/05 12:56:51 Verified connection from database with Ping
2022/09/05 12:56:51 Verified connection from database with Ping
2022/09/05 12:56:51 Verified connection from database with Ping
2022/09/05 12:56:51 Verified connection from database with Ping
2022/09/05 12:56:51 Verified connection from database with Ping
2022/09/05 12:56:51 Verified connection from database with Ping
2022/09/05 12:56:51 Verified connection from database with Ping
2022/09/05 12:56:51 Verified connection from database with Ping
2022/09/05 12:57:28 Verified connection from database with Ping
2022/09/05 12:57:35 Verified connection from database with Ping
2022/09/05 12:57:39 Verified connection from database with Ping
2022/09/05 12:57:49 Verified connection from database with Ping
2022/09/05 12:57:49 Verified connection from database with Ping
2022/09/05 12:57:49 Getting setting of smart self
2022/09/05 12:57:49 Verified connection from database with Ping
2022/09/05 12:57:49 Getting JAN code from list of RFID
2022/09/05 12:57:49 Getting JAN code from list of RFID
2022/09/05 12:57:49 Getting JAN code from list of RFID
2022/09/05 12:57:50 Verified connection from database with Ping
2022/09/05 12:57:50 Verified connection from database with Ping
2022/09/05 12:57:50 Verified connection from database with Ping
2022/09/05 12:57:50 Verified connection from database with Ping
2022/09/05 12:57:50 Verified connection from database with Ping
2022/09/05 12:57:50 Verified connection from database with Ping
2022/09/05 12:57:50 Verified connection from database with Ping
2022/09/05 12:57:50 Verified connection from database with Ping
2022/09/05 12:57:50 Verified connection from database with Ping
2022/09/05 12:57:50 Verified connection from database with Ping
2022/09/05 12:57:50 Verified connection from database with Ping
2022/09/05 12:57:50 Verified connection from database with Ping
2022/09/05 12:57:50 Verified connection from database with Ping
2022/09/05 12:57:50 Verified connection from database with Ping
2022/09/05 12:57:50 Verified connection from database with Ping
2022/09/05 12:57:50 Verified connection from database with Ping
2022/09/05 12:57:50 Verified connection from database with Ping
2022/09/05 12:57:50 Verified connection from database with Ping
2022/09/05 12:57:50 Verified connection from database with Ping
2022/09/05 12:57:50 Verified connection from database with Ping
2022/09/05 12:57:50 Verified connection from database with Ping
2022/09/05 12:57:50 Verified connection from database with Ping
2022/09/05 12:57:50 Verified connection from database with Ping
2022/09/05 12:57:54 Verified connection from database with Ping
2022/09/05 12:58:04 Verified connection from database with Ping
2022/09/05 12:58:04 Verified connection from database with Ping
2022/09/05 12:58:04 Getting setting of smart self
2022/09/05 12:58:04 Verified connection from database with Ping
2022/09/05 12:58:04 Getting JAN code from list of RFID
2022/09/05 12:58:04 Getting JAN code from list of RFID
2022/09/05 12:58:04 Getting JAN code from list of RFID
2022/09/05 12:58:05 Verified connection from database with Ping
2022/09/05 12:58:05 Verified connection from database with Ping
2022/09/05 12:58:05 Verified connection from database with Ping
2022/09/05 12:58:05 Verified connection from database with Ping
2022/09/05 12:58:05 Verified connection from database with Ping
2022/09/05 12:58:05 Verified connection from database with Ping
2022/09/05 12:58:05 Verified connection from database with Ping
2022/09/05 12:58:05 Verified connection from database with Ping
2022/09/05 12:58:05 Verified connection from database with Ping
2022/09/05 12:58:05 Verified connection from database with Ping
2022/09/05 12:58:05 Verified connection from database with Ping
2022/09/05 12:58:05 Verified connection from database with Ping
2022/09/05 12:58:05 Verified connection from database with Ping
2022/09/05 12:58:05 Verified connection from database with Ping
2022/09/05 12:58:05 Verified connection from database with Ping
2022/09/05 12:58:05 Verified connection from database with Ping
2022/09/05 12:58:05 Verified connection from database with Ping
2022/09/05 12:58:05 Verified connection from database with Ping
2022/09/05 12:58:05 Verified connection from database with Ping
2022/09/05 12:58:05 Verified connection from database with Ping
2022/09/05 12:58:05 Verified connection from database with Ping
2022/09/05 12:58:05 Verified connection from database with Ping
2022/09/05 12:58:05 Verified connection from database with Ping
2022/09/05 12:58:06 Verified connection from database with Ping
2022/09/05 12:58:06 Getting setting of smart self
2022/09/05 13:04:04 Verified connection from database with Ping
2022/09/05 13:04:14 Verified connection from database with Ping
2022/09/05 13:04:14 Verified connection from database with Ping
2022/09/05 13:04:14 Getting setting of smart self
2022/09/05 13:04:14 Verified connection from database with Ping
2022/09/05 13:04:14 Getting JAN code from list of RFID
2022/09/05 13:04:14 Getting JAN code from list of RFID
2022/09/05 13:04:14 Verified connection from database with Ping
2022/09/05 13:04:14 Verified connection from database with Ping
2022/09/05 13:04:14 Verified connection from database with Ping
2022/09/05 13:04:14 Verified connection from database with Ping
2022/09/05 13:04:14 Verified connection from database with Ping
2022/09/05 13:04:14 Verified connection from database with Ping
2022/09/05 13:04:14 Verified connection from database with Ping
2022/09/05 13:04:14 Verified connection from database with Ping
2022/09/05 13:04:14 Verified connection from database with Ping
2022/09/05 13:04:14 Verified connection from database with Ping
2022/09/05 13:04:14 Verified connection from database with Ping
2022/09/05 13:04:14 Verified connection from database with Ping
2022/09/05 13:04:14 Verified connection from database with Ping
2022/09/05 13:04:14 Verified connection from database with Ping
2022/09/05 13:04:14 Verified connection from database with Ping
2022/09/05 13:04:14 Verified connection from database with Ping
2022/09/05 13:04:14 Verified connection from database with Ping
2022/09/05 13:04:14 Verified connection from database with Ping
2022/09/05 13:04:14 Verified connection from database with Ping
2022/09/05 13:04:14 Verified connection from database with Ping
2022/09/05 13:04:14 Verified connection from database with Ping
2022/09/05 13:07:23 Verified connection from database with Ping
2022/09/05 13:07:33 Verified connection from database with Ping
2022/09/05 13:07:33 Verified connection from database with Ping
2022/09/05 13:07:33 Getting setting of smart self
2022/09/05 13:07:33 Verified connection from database with Ping
2022/09/05 13:08:30 Verified connection from database with Ping
2022/09/05 13:08:40 Verified connection from database with Ping
2022/09/05 13:08:40 Verified connection from database with Ping
2022/09/05 13:08:40 Getting setting of smart self
2022/09/05 13:08:40 Verified connection from database with Ping
2022/09/05 13:10:03 Verified connection from database with Ping
2022/09/05 13:10:15 Verified connection from database with Ping
2022/09/05 13:10:15 Verified connection from database with Ping
2022/09/05 13:10:15 Getting setting of smart self
2022/09/05 13:10:15 Verified connection from database with Ping
2022/09/05 13:11:53 Verified connection from database with Ping
2022/09/05 13:12:03 Verified connection from database with Ping
2022/09/05 13:12:03 Verified connection from database with Ping
2022/09/05 13:12:03 Getting setting of smart self
2022/09/05 13:12:03 Verified connection from database with Ping
2022/09/05 13:12:06 Verified connection from database with Ping
2022/09/05 13:12:16 Verified connection from database with Ping
2022/09/05 13:12:16 Verified connection from database with Ping
2022/09/05 13:12:16 Getting setting of smart self
2022/09/05 13:12:16 Verified connection from database with Ping
2022/09/05 13:12:23 Verified connection from database with Ping
2022/09/05 13:12:24 Verified connection from database with Ping
2022/09/05 13:12:25 Verified connection from database with Ping
2022/09/05 13:12:35 Verified connection from database with Ping
2022/09/05 13:12:35 Verified connection from database with Ping
2022/09/05 13:12:35 Getting setting of smart self
2022/09/05 13:12:35 Verified connection from database with Ping
2022/09/05 13:12:52 Verified connection from database with Ping
2022/09/05 13:13:02 Verified connection from database with Ping
2022/09/05 13:13:02 Verified connection from database with Ping
2022/09/05 13:13:02 Getting setting of smart self
2022/09/05 13:13:02 Verified connection from database with Ping
2022/09/05 13:13:02 Getting JAN code from list of RFID
2022/09/05 13:13:02 Getting JAN code from list of RFID
2022/09/05 13:13:02 Getting JAN code from list of RFID
2022/09/05 13:13:03 Verified connection from database with Ping
2022/09/05 13:13:03 Verified connection from database with Ping
2022/09/05 13:13:03 Verified connection from database with Ping
2022/09/05 13:13:03 Verified connection from database with Ping
2022/09/05 13:13:03 Verified connection from database with Ping
2022/09/05 13:13:03 Verified connection from database with Ping
2022/09/05 13:13:03 Verified connection from database with Ping
2022/09/05 13:13:03 Verified connection from database with Ping
2022/09/05 13:13:03 Verified connection from database with Ping
2022/09/05 13:13:03 Verified connection from database with Ping
2022/09/05 13:13:03 Verified connection from database with Ping
2022/09/05 13:13:03 Verified connection from database with Ping
2022/09/05 13:13:03 Verified connection from database with Ping
2022/09/05 13:13:03 Verified connection from database with Ping
2022/09/05 13:13:03 Verified connection from database with Ping
2022/09/05 13:13:03 Verified connection from database with Ping
2022/09/05 13:13:03 Verified connection from database with Ping
2022/09/05 13:13:03 Verified connection from database with Ping
2022/09/05 13:13:03 Verified connection from database with Ping
2022/09/05 13:13:03 Verified connection from database with Ping
2022/09/05 13:13:03 Verified connection from database with Ping
2022/09/05 13:13:03 Verified connection from database with Ping
2022/09/05 13:13:03 Verified connection from database with Ping
2022/09/05 13:14:41 Verified connection from database with Ping
2022/09/05 13:14:51 Verified connection from database with Ping
2022/09/05 13:14:51 Verified connection from database with Ping
2022/09/05 13:14:51 Getting setting of smart self
2022/09/05 13:14:51 Verified connection from database with Ping
2022/09/05 13:14:51 Getting JAN code from list of RFID
2022/09/05 13:14:51 Getting JAN code from list of RFID
2022/09/05 13:14:51 Getting JAN code from list of RFID
2022/09/05 13:14:51 Getting JAN code from list of RFID
2022/09/05 13:14:51 Getting JAN code from list of RFID
2022/09/05 13:14:52 Verified connection from database with Ping
2022/09/05 13:14:52 Verified connection from database with Ping
2022/09/05 13:14:52 Verified connection from database with Ping
2022/09/05 13:14:52 Verified connection from database with Ping
2022/09/05 13:14:52 Verified connection from database with Ping
2022/09/05 13:14:52 Verified connection from database with Ping
2022/09/05 13:14:52 Verified connection from database with Ping
2022/09/05 13:14:52 Verified connection from database with Ping
2022/09/05 13:14:52 Verified connection from database with Ping
2022/09/05 13:14:52 Verified connection from database with Ping
2022/09/05 13:14:52 Verified connection from database with Ping
2022/09/05 13:14:52 Verified connection from database with Ping
2022/09/05 13:14:52 Verified connection from database with Ping
2022/09/05 13:14:52 Verified connection from database with Ping
2022/09/05 13:14:52 Verified connection from database with Ping
2022/09/05 13:14:52 Verified connection from database with Ping
2022/09/05 13:14:52 Verified connection from database with Ping
2022/09/05 13:14:52 Verified connection from database with Ping
2022/09/05 13:14:52 Verified connection from database with Ping
2022/09/05 13:14:52 Verified connection from database with Ping
2022/09/05 13:14:52 Verified connection from database with Ping
2022/09/05 13:14:52 Verified connection from database with Ping
2022/09/05 13:14:52 Verified connection from database with Ping
2022/09/05 13:17:04 Verified connection from database with Ping
2022/09/05 13:17:14 Verified connection from database with Ping
2022/09/05 13:17:14 Verified connection from database with Ping
2022/09/05 13:17:14 Getting setting of smart self
2022/09/05 13:17:14 Verified connection from database with Ping
2022/09/05 13:18:55 Verified connection from database with Ping
2022/09/05 13:19:05 Verified connection from database with Ping
2022/09/05 13:19:05 Verified connection from database with Ping
2022/09/05 13:19:05 Getting setting of smart self
2022/09/05 13:19:05 Verified connection from database with Ping
2022/09/05 13:20:01 Verified connection from database with Ping
2022/09/05 13:20:11 Verified connection from database with Ping
2022/09/05 13:20:11 Verified connection from database with Ping
2022/09/05 13:20:11 Getting setting of smart self
2022/09/05 13:20:11 Verified connection from database with Ping
2022/09/05 13:21:44 Verified connection from database with Ping
2022/09/05 13:21:49 Verified connection from database with Ping
2022/09/05 13:21:50 Verified connection from database with Ping
2022/09/05 13:22:00 Verified connection from database with Ping
2022/09/05 13:22:00 Verified connection from database with Ping
2022/09/05 13:22:00 Getting setting of smart self
2022/09/05 13:22:00 Verified connection from database with Ping
2022/09/05 13:22:06 Verified connection from database with Ping
2022/09/05 13:22:16 Verified connection from database with Ping
2022/09/05 13:22:16 Verified connection from database with Ping
2022/09/05 13:22:16 Getting setting of smart self
2022/09/05 13:22:16 Verified connection from database with Ping
2022/09/05 13:22:23 Verified connection from database with Ping
2022/09/05 13:22:33 Verified connection from database with Ping
2022/09/05 13:22:33 Verified connection from database with Ping
2022/09/05 13:22:33 Getting setting of smart self
2022/09/05 13:22:33 Verified connection from database with Ping
2022/09/05 13:24:43 Verified connection from database with Ping
2022/09/05 13:24:53 Verified connection from database with Ping
2022/09/05 13:24:53 Verified connection from database with Ping
2022/09/05 13:24:53 Getting setting of smart self
2022/09/05 13:24:53 Verified connection from database with Ping
2022/09/05 13:24:57 Verified connection from database with Ping
2022/09/05 13:25:07 Verified connection from database with Ping
2022/09/05 13:25:07 Verified connection from database with Ping
2022/09/05 13:25:07 Getting setting of smart self
2022/09/05 13:25:07 Verified connection from database with Ping
2022/09/05 13:25:19 Verified connection from database with Ping
2022/09/05 13:25:29 Verified connection from database with Ping
2022/09/05 13:25:29 Verified connection from database with Ping
2022/09/05 13:25:29 Getting setting of smart self
2022/09/05 13:25:29 Verified connection from database with Ping
2022/09/05 13:25:30 Verified connection from database with Ping
2022/09/05 13:25:40 Verified connection from database with Ping
2022/09/05 13:25:40 Verified connection from database with Ping
2022/09/05 13:25:40 Getting setting of smart self
2022/09/05 13:25:40 Verified connection from database with Ping
2022/09/05 13:28:26 Verified connection from database with Ping
2022/09/05 13:28:36 Verified connection from database with Ping
2022/09/05 13:28:36 Verified connection from database with Ping
2022/09/05 13:28:36 Getting setting of smart self
2022/09/05 13:28:36 Verified connection from database with Ping
2022/09/05 13:29:30 Verified connection from database with Ping
2022/09/05 13:29:40 Verified connection from database with Ping
2022/09/05 13:29:40 Verified connection from database with Ping
2022/09/05 13:29:40 Getting setting of smart self
2022/09/05 13:29:40 Verified connection from database with Ping
2022/09/05 13:31:06 Verified connection from database with Ping
2022/09/05 13:31:16 Verified connection from database with Ping
2022/09/05 13:31:16 Verified connection from database with Ping
2022/09/05 13:31:16 Getting setting of smart self
2022/09/05 13:31:16 Verified connection from database with Ping
2022/09/05 13:33:20 Verified connection from database with Ping
2022/09/05 13:33:30 Verified connection from database with Ping
2022/09/05 13:33:30 Verified connection from database with Ping
2022/09/05 13:33:30 Getting setting of smart self
2022/09/05 13:33:30 Verified connection from database with Ping
2022/09/05 13:33:33 Verified connection from database with Ping
2022/09/05 13:33:33 Getting setting of smart self
2022/09/05 13:33:52 Verified connection from database with Ping
2022/09/05 13:34:02 Verified connection from database with Ping
2022/09/05 13:34:02 Verified connection from database with Ping
2022/09/05 13:34:02 Getting setting of smart self
2022/09/05 13:34:03 Verified connection from database with Ping
2022/09/05 13:34:03 Getting JAN code from list of RFID
2022/09/05 13:34:03 Getting JAN code from list of RFID
2022/09/05 13:34:03 Getting JAN code from list of RFID
2022/09/05 13:34:03 Verified connection from database with Ping
2022/09/05 13:34:03 Verified connection from database with Ping
2022/09/05 13:34:03 Verified connection from database with Ping
2022/09/05 13:34:03 Verified connection from database with Ping
2022/09/05 13:34:03 Verified connection from database with Ping
2022/09/05 13:34:03 Verified connection from database with Ping
2022/09/05 13:34:03 Verified connection from database with Ping
2022/09/05 13:34:03 Verified connection from database with Ping
2022/09/05 13:34:03 Verified connection from database with Ping
2022/09/05 13:34:03 Verified connection from database with Ping
2022/09/05 13:34:03 Verified connection from database with Ping
2022/09/05 13:34:03 Verified connection from database with Ping
2022/09/05 13:34:03 Verified connection from database with Ping
2022/09/05 13:34:03 Verified connection from database with Ping
2022/09/05 13:34:03 Verified connection from database with Ping
2022/09/05 13:34:03 Verified connection from database with Ping
2022/09/05 13:34:03 Verified connection from database with Ping
2022/09/05 13:34:03 Verified connection from database with Ping
2022/09/05 13:34:03 Verified connection from database with Ping
2022/09/05 13:34:03 Verified connection from database with Ping
2022/09/05 13:34:03 Verified connection from database with Ping
2022/09/05 13:34:03 Verified connection from database with Ping
2022/09/05 13:34:03 Verified connection from database with Ping
2022/09/05 13:34:03 Verified connection from database with Ping
2022/09/05 13:35:18 Verified connection from database with Ping
2022/09/05 13:35:29 Verified connection from database with Ping
2022/09/05 13:35:30 Verified connection from database with Ping
2022/09/05 13:35:30 Getting setting of smart self
2022/09/05 13:35:30 Verified connection from database with Ping
2022/09/05 13:36:33 Verified connection from database with Ping
2022/09/05 13:36:43 Verified connection from database with Ping
2022/09/05 13:36:43 Verified connection from database with Ping
2022/09/05 13:36:43 Getting setting of smart self
2022/09/05 13:36:43 Verified connection from database with Ping
2022/09/05 13:38:05 Verified connection from database with Ping
2022/09/05 13:38:15 Verified connection from database with Ping
2022/09/05 13:38:15 Verified connection from database with Ping
2022/09/05 13:38:15 Getting setting of smart self
2022/09/05 13:38:15 Verified connection from database with Ping
2022/09/05 13:38:20 Verified connection from database with Ping
2022/09/05 13:39:10 Verified connection from database with Ping
2022/09/05 13:39:10 Verified connection from database with Ping
2022/09/05 13:39:10 Getting setting of smart self
2022/09/05 13:39:10 Verified connection from database with Ping
2022/09/05 13:41:52 Verified connection from database with Ping
2022/09/05 13:42:27 Verified connection from database with Ping
2022/09/05 13:42:33 Verified connection from database with Ping
2022/09/05 13:43:23 Verified connection from database with Ping
2022/09/05 13:43:23 Verified connection from database with Ping
2022/09/05 13:43:23 Getting setting of smart self
2022/09/05 13:43:23 Verified connection from database with Ping
2022/09/05 13:48:27 Verified connection from database with Ping
2022/09/05 13:48:35 Verified connection from database with Ping
2022/09/05 13:48:59 Verified connection from database with Ping
2022/09/05 13:49:49 Verified connection from database with Ping
2022/09/05 13:49:49 Verified connection from database with Ping
2022/09/05 13:49:49 Getting setting of smart self
2022/09/05 13:49:49 Verified connection from database with Ping
2022/09/05 13:50:55 Verified connection from database with Ping
2022/09/05 13:51:05 Verified connection from database with Ping
2022/09/05 13:51:05 Verified connection from database with Ping
2022/09/05 13:51:05 Getting setting of smart self
2022/09/05 13:51:05 Verified connection from database with Ping
2022/09/05 13:55:43 Verified connection from database with Ping
2022/09/05 13:55:55 Verified connection from database with Ping
2022/09/05 13:55:55 Verified connection from database with Ping
2022/09/05 13:55:55 Getting setting of smart self
2022/09/05 13:55:55 Verified connection from database with Ping
2022/09/05 13:57:43 Verified connection from database with Ping
2022/09/05 13:57:44 Verified connection from database with Ping
2022/09/05 13:57:51 Verified connection from database with Ping
2022/09/05 13:57:52 Verified connection from database with Ping
2022/09/05 13:57:56 Verified connection from database with Ping
2022/09/05 14:00:10 Verified connection from database with Ping
2022/09/05 14:00:12 Verified connection from database with Ping
2022/09/05 14:00:22 Verified connection from database with Ping
2022/09/05 14:00:22 Verified connection from database with Ping
2022/09/05 14:00:22 Getting setting of smart self
2022/09/05 14:00:22 Verified connection from database with Ping
2022/09/05 14:00:22 Getting JAN code from list of RFID
2022/09/05 14:00:22 Getting JAN code from list of RFID
2022/09/05 14:00:22 Getting JAN code from list of RFID
2022/09/05 14:00:23 Verified connection from database with Ping
2022/09/05 14:00:23 Verified connection from database with Ping
2022/09/05 14:00:23 Verified connection from database with Ping
2022/09/05 14:00:23 Verified connection from database with Ping
2022/09/05 14:00:23 Verified connection from database with Ping
2022/09/05 14:00:23 Verified connection from database with Ping
2022/09/05 14:00:23 Verified connection from database with Ping
2022/09/05 14:00:23 Verified connection from database with Ping
2022/09/05 14:00:23 Verified connection from database with Ping
2022/09/05 14:00:23 Verified connection from database with Ping
2022/09/05 14:00:23 Verified connection from database with Ping
2022/09/05 14:00:23 Verified connection from database with Ping
2022/09/05 14:00:23 Verified connection from database with Ping
2022/09/05 14:00:23 Verified connection from database with Ping
2022/09/05 14:00:23 Verified connection from database with Ping
2022/09/05 14:00:23 Verified connection from database with Ping
2022/09/05 14:00:23 Verified connection from database with Ping
2022/09/05 14:00:23 Verified connection from database with Ping
2022/09/05 14:00:23 Verified connection from database with Ping
2022/09/05 14:00:23 Verified connection from database with Ping
2022/09/05 14:00:23 Verified connection from database with Ping
2022/09/05 14:00:23 Verified connection from database with Ping
2022/09/05 14:00:23 Verified connection from database with Ping
2022/09/05 14:00:23 Verified connection from database with Ping
2022/09/05 14:00:28 Verified connection from database with Ping
2022/09/05 14:00:38 Verified connection from database with Ping
2022/09/05 14:00:38 Verified connection from database with Ping
2022/09/05 14:00:38 Getting setting of smart self
2022/09/05 14:00:38 Verified connection from database with Ping
2022/09/05 14:00:38 Getting JAN code from list of RFID
2022/09/05 14:00:38 Getting JAN code from list of RFID
2022/09/05 14:00:38 Verified connection from database with Ping
2022/09/05 14:00:38 Verified connection from database with Ping
2022/09/05 14:00:38 Verified connection from database with Ping
2022/09/05 14:00:38 Verified connection from database with Ping
2022/09/05 14:00:38 Verified connection from database with Ping
2022/09/05 14:00:38 Verified connection from database with Ping
2022/09/05 14:00:38 Verified connection from database with Ping
2022/09/05 14:00:38 Verified connection from database with Ping
2022/09/05 14:00:38 Verified connection from database with Ping
2022/09/05 14:00:38 Verified connection from database with Ping
2022/09/05 14:00:38 Verified connection from database with Ping
2022/09/05 14:00:38 Verified connection from database with Ping
2022/09/05 14:00:38 Verified connection from database with Ping
2022/09/05 14:00:38 Verified connection from database with Ping
2022/09/05 14:00:38 Verified connection from database with Ping
2022/09/05 14:00:38 Verified connection from database with Ping
2022/09/05 14:00:38 Verified connection from database with Ping
2022/09/05 14:00:38 Verified connection from database with Ping
2022/09/05 14:00:38 Verified connection from database with Ping
2022/09/05 14:00:38 Verified connection from database with Ping
2022/09/05 14:00:39 Verified connection from database with Ping
2022/09/05 14:08:06 Verified connection from database with Ping
2022/09/05 14:08:16 Verified connection from database with Ping
2022/09/05 14:08:16 Verified connection from database with Ping
2022/09/05 14:08:16 Getting setting of smart self
2022/09/05 14:08:16 Verified connection from database with Ping
2022/09/05 14:08:16 Getting JAN code from list of RFID
2022/09/05 14:08:16 Getting JAN code from list of RFID
2022/09/05 14:08:16 Getting JAN code from list of RFID
2022/09/05 14:08:16 Verified connection from database with Ping
2022/09/05 14:08:16 Verified connection from database with Ping
2022/09/05 14:08:16 Verified connection from database with Ping
2022/09/05 14:08:16 Verified connection from database with Ping
2022/09/05 14:08:16 Verified connection from database with Ping
2022/09/05 14:08:16 Verified connection from database with Ping
2022/09/05 14:08:16 Verified connection from database with Ping
2022/09/05 14:08:16 Verified connection from database with Ping
2022/09/05 14:08:16 Verified connection from database with Ping
2022/09/05 14:08:16 Verified connection from database with Ping
2022/09/05 14:08:16 Verified connection from database with Ping
2022/09/05 14:08:16 Verified connection from database with Ping
2022/09/05 14:08:16 Verified connection from database with Ping
2022/09/05 14:08:16 Verified connection from database with Ping
2022/09/05 14:08:16 Verified connection from database with Ping
2022/09/05 14:08:16 Verified connection from database with Ping
2022/09/05 14:08:16 Verified connection from database with Ping
2022/09/05 14:08:16 Verified connection from database with Ping
2022/09/05 14:08:16 Verified connection from database with Ping
2022/09/05 14:08:16 Verified connection from database with Ping
2022/09/05 14:08:17 Verified connection from database with Ping
2022/09/05 14:08:17 Verified connection from database with Ping
2022/09/05 14:08:17 Verified connection from database with Ping
2022/09/05 14:08:17 Verified connection from database with Ping
2022/09/05 14:08:23 Verified connection from database with Ping
2022/09/05 14:08:34 Verified connection from database with Ping
2022/09/05 14:08:34 Verified connection from database with Ping
2022/09/05 14:08:34 Getting setting of smart self
2022/09/05 14:08:34 Verified connection from database with Ping
2022/09/05 14:08:34 Getting JAN code from list of RFID
2022/09/05 14:08:34 Getting JAN code from list of RFID
2022/09/05 14:08:34 Getting JAN code from list of RFID
2022/09/05 14:08:34 Verified connection from database with Ping
2022/09/05 14:08:34 Verified connection from database with Ping
2022/09/05 14:08:34 Verified connection from database with Ping
2022/09/05 14:08:34 Verified connection from database with Ping
2022/09/05 14:08:34 Verified connection from database with Ping
2022/09/05 14:08:34 Verified connection from database with Ping
2022/09/05 14:08:34 Verified connection from database with Ping
2022/09/05 14:08:34 Verified connection from database with Ping
2022/09/05 14:08:34 Verified connection from database with Ping
2022/09/05 14:08:34 Verified connection from database with Ping
2022/09/05 14:08:34 Verified connection from database with Ping
2022/09/05 14:08:34 Verified connection from database with Ping
2022/09/05 14:08:34 Verified connection from database with Ping
2022/09/05 14:08:34 Verified connection from database with Ping
2022/09/05 14:08:34 Verified connection from database with Ping
2022/09/05 14:08:34 Verified connection from database with Ping
2022/09/05 14:08:34 Verified connection from database with Ping
2022/09/05 14:08:34 Verified connection from database with Ping
2022/09/05 14:08:34 Verified connection from database with Ping
2022/09/05 14:08:34 Verified connection from database with Ping
2022/09/05 14:08:34 Verified connection from database with Ping
2022/09/05 14:08:34 Verified connection from database with Ping
2022/09/05 14:08:34 Verified connection from database with Ping
2022/09/05 14:08:34 Verified connection from database with Ping
2022/09/05 14:24:13 Verified connection from database with Ping
2022/09/05 14:24:14 Verified connection from database with Ping
2022/09/05 14:24:24 Verified connection from database with Ping
2022/09/05 14:24:24 Verified connection from database with Ping
2022/09/05 14:24:24 Getting setting of smart self
2022/09/05 14:24:24 Verified connection from database with Ping
2022/09/05 14:24:24 Getting JAN code from list of RFID
2022/09/05 14:24:24 Getting JAN code from list of RFID
2022/09/05 14:24:24 Getting JAN code from list of RFID
2022/09/05 14:24:24 Getting JAN code from list of RFID
2022/09/05 14:24:24 Getting JAN code from list of RFID
2022/09/05 14:24:26 Verified connection from database with Ping
2022/09/05 14:24:26 Verified connection from database with Ping
2022/09/05 14:24:26 Verified connection from database with Ping
2022/09/05 14:24:26 Verified connection from database with Ping
2022/09/05 14:24:26 Verified connection from database with Ping
2022/09/05 14:24:26 Verified connection from database with Ping
2022/09/05 14:24:26 Verified connection from database with Ping
2022/09/05 14:24:26 Verified connection from database with Ping
2022/09/05 14:24:26 Verified connection from database with Ping
2022/09/05 14:24:26 Verified connection from database with Ping
2022/09/05 14:24:26 Verified connection from database with Ping
2022/09/05 14:24:26 Verified connection from database with Ping
2022/09/05 14:24:26 Verified connection from database with Ping
2022/09/05 14:24:26 Verified connection from database with Ping
2022/09/05 14:24:26 Verified connection from database with Ping
2022/09/05 14:24:26 Verified connection from database with Ping
2022/09/05 14:24:26 Verified connection from database with Ping
2022/09/05 14:24:26 Verified connection from database with Ping
2022/09/05 14:24:26 Verified connection from database with Ping
2022/09/05 14:24:26 Verified connection from database with Ping
2022/09/05 14:24:26 Verified connection from database with Ping
2022/09/05 14:24:26 Verified connection from database with Ping
2022/09/05 14:24:26 Verified connection from database with Ping
2022/09/05 14:24:26 Verified connection from database with Ping
2022/09/05 14:24:30 Verified connection from database with Ping
2022/09/05 14:24:30 Getting setting of smart self
2022/09/05 14:24:30 Verified connection from database with Ping
2022/09/05 14:24:30 Getting JAN code from list of RFID
2022/09/05 14:24:43 Verified connection from database with Ping
2022/09/05 14:24:43 Getting setting of smart self
2022/09/05 14:24:44 Verified connection from database with Ping
2022/09/05 14:24:44 Getting JAN code from list of RFID
2022/09/05 14:25:15 Verified connection from database with Ping
2022/09/05 14:25:15 Getting setting of smart self
2022/09/05 14:25:15 Verified connection from database with Ping
2022/09/05 14:25:15 Getting JAN code from list of RFID
2022/09/05 15:59:18 Verified connection from database with Ping
